--2018-04-19 21:52:41--  http://flipkart.com/
Resolving flipkart.com (flipkart.com)... 163.53.78.128
Connecting to flipkart.com (flipkart.com)|163.53.78.128|:80... connected.
HTTP request sent, awaiting response... 301 Moved Permanently
Location: https://www.flipkart.com/ [following]
--2018-04-19 21:52:41--  https://www.flipkart.com/
Resolving www.flipkart.com (www.flipkart.com)... 163.53.78.128
Connecting to www.flipkart.com (www.flipkart.com)|163.53.78.128|:443... connected.
HTTP request sent, awaiting response... 200 OK
Length: unspecified [text/html]
Saving to: ‘index.html’

     0K .......... .......... .......... .......... ..........  209K
    50K .......... .......... .......... .......... ..........  256K
   100K .......... .......... .......... .......... ..........  192K
   150K .......... .......... .......... .......... ..........  281K
   200K .......... .......... .......... .......... ..........  146K
   250K .......... .......... .......... .......... ..........  825K
   300K .......... .......... .......... .......... ..........  255K
   350K .......... .......... .......... .......... ..........  139K
   400K .......... .......... .......... .......... ..........  878K
   450K .......... .......... .......... .......... ..........  226K
   500K .......... .......... .......... .......... ..........  236K
   550K .......... .......... .......... .......... ..........  241K
   600K .......... .......... .......... .......... ..........  210K
   650K .......... .......... .......... .......... ..........  265K
   700K .......... .......... .......... .......... ..........  215K
   750K .......... .......... .......... .......... ..........  233K
   800K .......... .......... .......... .......... ..........  250K
   850K .......... .......... .......... .......... ..........  273K
   900K .......... .......... .......                           293K=3.9s

2018-04-19 21:52:46 (239 KB/s) - ‘index.html’ saved [950179]

