--2018-04-19 19:52:25--  https://go.microsoft.com/fwlink/?LinkID=760868
Resolving go.microsoft.com (go.microsoft.com)... 104.90.139.125, 2600:1417:77:188::2c1a, 2600:1417:77:194::2c1a
Connecting to go.microsoft.com (go.microsoft.com)|104.90.139.125|:443... connected.
HTTP request sent, awaiting response... 302 Moved Temporarily
Location: https://vscode-update.azurewebsites.net/latest/linux-deb-x64/stable [following]
--2018-04-19 19:52:27--  https://vscode-update.azurewebsites.net/latest/linux-deb-x64/stable
Resolving vscode-update.azurewebsites.net (vscode-update.azurewebsites.net)... 40.83.182.206
Connecting to vscode-update.azurewebsites.net (vscode-update.azurewebsites.net)|40.83.182.206|:443... connected.
HTTP request sent, awaiting response... 302 Found
Location: https://az764295.vo.msecnd.net/stable/3aeede733d9a3098f7b4bdc1f66b63b0f48c1ef9/code_1.22.2-1523551015_amd64.deb [following]
--2018-04-19 19:52:29--  https://az764295.vo.msecnd.net/stable/3aeede733d9a3098f7b4bdc1f66b63b0f48c1ef9/code_1.22.2-1523551015_amd64.deb
Resolving az764295.vo.msecnd.net (az764295.vo.msecnd.net)... 117.18.232.200, 2606:2800:147:120f:30c:1ba0:fc6:265a
Connecting to az764295.vo.msecnd.net (az764295.vo.msecnd.net)|117.18.232.200|:443... connected.
HTTP request sent, awaiting response... 200 OK
Length: 45479630 (43M) [application/x-debian-package]
Saving to: ‘index.html?LinkID=760868’

     0K .......... .......... .......... .......... ..........  0% 64.7K 11m25s
    50K .......... .......... .......... .......... ..........  0% 1.22M 6m0s
   100K .......... .......... .......... .......... ..........  0%  189K 5m18s
   150K .......... .......... .......... .......... ..........  0%  140K 5m17s
   200K .......... .......... .......... .......... ..........  0%  148K 5m13s
   250K .......... .......... .......... .......... ..........  0%  269K 4m48s
   300K .......... .......... .......... .......... ..........  0%  183K 4m41s
   350K .......... .......... .......... .......... ..........  0% 92.1K 5m5s
   400K .......... .......... .......... .......... ..........  1%  222K 4m53s
   450K .......... .......... .......... .......... ..........  1%  101K 5m7s
   500K .......... .......... .......... .......... ..........  1%  113K 5m14s
   550K .......... .......... .......... .......... ..........  1% 97.6K 5m25s
   600K .......... .......... .......... .......... ..........  1% 99.3K 5m33s
   650K .......... .......... .......... .......... ..........  1% 90.4K 5m44s
   700K .......... .......... .......... .......... ..........  1%  111K 5m46s
   750K .......... .......... .......... .......... ..........  1% 78.4K 5m59s
   800K .......... .......... .......... .......... ..........  1% 97.4K 6m4s
   850K .......... .......... .......... .......... ..........  2%  106K 6m6s
   900K .......... .......... .......... .......... ..........  2%  107K 6m8s
   950K .......... .......... .......... .......... ..........  2%  109K 6m9s
  1000K .......... .......... .......... .......... ..........  2%  104K 6m11s
  1050K .......... .......... .......... .......... ..........  2%  101K 6m13s
  1100K .......... .......... .......... .......... ..........  2%  101K 6m15s
  1150K .......... .......... .......... .......... ..........  2%  101K 6m17s
  1200K .......... .......... .......... .......... ..........  2%  120K 6m16s
  1250K .......... .......... .......... .......... ..........  2%  118K 6m15s
  1300K .......... .......... .......... .......... ..........  3%  106K 6m16s
  1350K .......... .......... .......... .......... ..........  3%  103K 6m17s
  1400K .......... .......... .......... .......... ..........  3% 73.7K 6m23s
  1450K .......... .......... .......... .......... ..........  3%  120K 6m22s
  1500K .......... .......... .......... .......... ..........  3% 58.7K 6m33s
  1550K .......... .......... .......... .......... ..........  3%  133K 6m30s
  1600K .......... .......... .......... .......... ..........  3% 60.2K 6m39s
  1650K .......... .......... .......... .......... ..........  3%  208K 6m33s
  1700K .......... .......... .......... .......... ..........  3%  103K 6m33s
  1750K .......... .......... .......... .......... ..........  4% 87.8K 6m36s
  1800K .......... .......... .......... .......... ..........  4%  260K 6m29s
  1850K .......... .......... .......... .......... ..........  4%  209K 6m24s
  1900K .......... .......... .......... .......... ..........  4%  233K 6m18s
  1950K .......... .......... .......... .......... ..........  4%  167K 6m14s
  2000K .......... .......... .......... .......... ..........  4%  176K 6m11s
  2050K .......... .......... .......... .......... ..........  4%  217K 6m6s
  2100K .......... .......... .......... .......... ..........  4%  160K 6m3s
  2150K .......... .......... .......... .......... ..........  4%  137K 6m2s
  2200K .......... .......... .......... .......... ..........  5%  360K 5m56s
  2250K .......... .......... .......... .......... ..........  5%  188K 5m53s
  2300K .......... .......... .......... .......... ..........  5%  148K 5m51s
  2350K .......... .......... .......... .......... ..........  5% 90.0K 5m53s
  2400K .......... .......... .......... .......... ..........  5%  259K 5m48s
  2450K .......... .......... .......... .......... ..........  5%  200K 5m45s
  2500K .......... .......... .......... .......... ..........  5%  166K 5m43s
  2550K .......... .......... .......... .......... ..........  5%  219K 5m40s
  2600K .......... .......... .......... .......... ..........  5%  205K 5m37s
  2650K .......... .......... .......... .......... ..........  6%  204K 5m34s
  2700K .......... .......... .......... .......... ..........  6%  187K 5m31s
  2750K .......... .......... .......... .......... ..........  6%  150K 5m30s
  2800K .......... .......... .......... .......... ..........  6%  184K 5m28s
  2850K .......... .......... .......... .......... ..........  6%  178K 5m26s
  2900K .......... .......... .......... .......... ..........  6%  164K 5m24s
  2950K .......... .......... .......... .......... ..........  6%  186K 5m22s
  3000K .......... .......... .......... .......... ..........  6%  187K 5m20s
  3050K .......... .......... .......... .......... ..........  6%  190K 5m18s
  3100K .......... .......... .......... .......... ..........  7%  181K 5m16s
  3150K .......... .......... .......... .......... ..........  7%  139K 5m16s
  3200K .......... .......... .......... .......... ..........  7%  177K 5m14s
  3250K .......... .......... .......... .......... ..........  7%  198K 5m12s
  3300K .......... .......... .......... .......... ..........  7%  171K 5m10s
  3350K .......... .......... .......... .......... ..........  7%  171K 5m9s
  3400K .......... .......... .......... .......... ..........  7%  164K 5m8s
  3450K .......... .......... .......... .......... ..........  7%  156K 5m7s
  3500K .......... .......... .......... .......... ..........  7%  183K 5m5s
  3550K .......... .......... .......... .......... ..........  8%  144K 5m5s
  3600K .......... .......... .......... .......... ..........  8%  179K 5m3s
  3650K .......... .......... .......... .......... ..........  8%  162K 5m2s
  3700K .......... .......... .......... .......... ..........  8%  172K 5m1s
  3750K .......... .......... .......... .......... ..........  8%  147K 5m0s
  3800K .......... .......... .......... .......... ..........  8%  206K 4m58s
  3850K .......... .......... .......... .......... ..........  8%  157K 4m58s
  3900K .......... .......... .......... .......... ..........  8%  214K 4m56s
  3950K .......... .......... .......... .......... ..........  9%  135K 4m55s
  4000K .......... .......... .......... .......... ..........  9%  174K 4m54s
  4050K .......... .......... .......... .......... ..........  9%  178K 4m53s
  4100K .......... .......... .......... .......... ..........  9%  134K 4m53s
  4150K .......... .......... .......... .......... ..........  9%  191K 4m52s
  4200K .......... .......... .......... .......... ..........  9%  197K 4m50s
  4250K .......... .......... .......... .......... ..........  9%  171K 4m49s
  4300K .......... .......... .......... .......... ..........  9%  154K 4m48s
  4350K .......... .......... .......... .......... ..........  9%  142K 4m48s
  4400K .......... .......... .......... .......... .......... 10%  184K 4m47s
  4450K .......... .......... .......... .......... .......... 10%  161K 4m46s
  4500K .......... .......... .......... .......... .......... 10%  218K 4m45s
  4550K .......... .......... .......... .......... .......... 10%  183K 4m44s
  4600K .......... .......... .......... .......... .......... 10%  182K 4m42s
  4650K .......... .......... .......... .......... .......... 10%  173K 4m42s
  4700K .......... .......... .......... .......... .......... 10%  196K 4m40s
  4750K .......... .......... .......... .......... .......... 10%  102K 4m41s
  4800K .......... .......... .......... .......... .......... 10%  270K 4m39s
  4850K .......... .......... .......... .......... .......... 11%  162K 4m39s
  4900K .......... .......... .......... .......... .......... 11%  156K 4m38s
  4950K .......... .......... .......... .......... .......... 11%  187K 4m37s
  5000K .......... .......... .......... .......... .......... 11%  165K 4m36s
  5050K .......... .......... .......... .......... .......... 11%  168K 4m36s
  5100K .......... .......... .......... .......... .......... 11%  166K 4m35s
  5150K .......... .......... .......... .......... .......... 11%  126K 4m35s
  5200K .......... .......... .......... .......... .......... 11%  169K 4m34s
  5250K .......... .......... .......... .......... .......... 11%  146K 4m34s
  5300K .......... .......... .......... .......... .......... 12%  159K 4m33s
  5350K .......... .......... .......... .......... .......... 12%  155K 4m33s
  5400K .......... .......... .......... .......... .......... 12%  148K 4m32s
  5450K .......... .......... .......... .......... .......... 12%  144K 4m32s
  5500K .......... .......... .......... .......... .......... 12%  127K 4m32s
  5550K .......... .......... .......... .......... .......... 12%  151K 4m31s
  5600K .......... .......... .......... .......... .......... 12%  154K 4m31s
  5650K .......... .......... .......... .......... .......... 12%  157K 4m30s
  5700K .......... .......... .......... .......... .......... 12%  170K 4m29s
  5750K .......... .......... .......... .......... .......... 13%  176K 4m29s
  5800K .......... .......... .......... .......... .......... 13%  143K 4m28s
  5850K .......... .......... .......... .......... .......... 13%  162K 4m28s
  5900K .......... .......... .......... .......... .......... 13%  148K 4m27s
  5950K .......... .......... .......... .......... .......... 13%  130K 4m27s
  6000K .......... .......... .......... .......... .......... 13%  168K 4m27s
  6050K .......... .......... .......... .......... .......... 13%  224K 4m25s
  6100K .......... .......... .......... .......... .......... 13%  182K 4m25s
  6150K .......... .......... .......... .......... .......... 13%  174K 4m24s
  6200K .......... .......... .......... .......... .......... 14%  154K 4m23s
  6250K .......... .......... .......... .......... .......... 14%  199K 4m23s
  6300K .......... .......... .......... .......... .......... 14%  214K 4m22s
  6350K .......... .......... .......... .......... .......... 14%  171K 4m21s
  6400K .......... .......... .......... .......... .......... 14%  211K 4m20s
  6450K .......... .......... .......... .......... .......... 14%  209K 4m19s
  6500K .......... .......... .......... .......... .......... 14%  213K 4m18s
  6550K .......... .......... .......... .......... .......... 14%  221K 4m17s
  6600K .......... .......... .......... .......... .......... 14%  182K 4m16s
  6650K .......... .......... .......... .......... .......... 15%  255K 4m15s
  6700K .......... .......... .......... .......... .......... 15%  234K 4m14s
  6750K .......... .......... .......... .......... .......... 15%  160K 4m14s
  6800K .......... .......... .......... .......... .......... 15%  210K 4m13s
  6850K .......... .......... .......... .......... .......... 15%  171K 4m12s
  6900K .......... .......... .......... .......... .......... 15%  293K 4m11s
  6950K .......... .......... .......... .......... .......... 15%  195K 4m10s
  7000K .......... .......... .......... .......... .......... 15%  204K 4m9s
  7050K .......... .......... .......... .......... .......... 15%  153K 4m9s
  7100K .......... .......... .......... .......... .......... 16%  331K 4m8s
  7150K .......... .......... .......... .......... .......... 16%  162K 4m7s
  7200K .......... .......... .......... .......... .......... 16%  183K 4m7s
  7250K .......... .......... .......... .......... .......... 16%  270K 4m6s
  7300K .......... .......... .......... .......... .......... 16%  207K 4m5s
  7350K .......... .......... .......... .......... .......... 16%  224K 4m4s
  7400K .......... .......... .......... .......... .......... 16%  216K 4m3s
  7450K .......... .......... .......... .......... .......... 16%  206K 4m2s
  7500K .......... .......... .......... .......... .......... 16%  201K 4m2s
  7550K .......... .......... .......... .......... .......... 17%  168K 4m1s
  7600K .......... .......... .......... .......... .......... 17%  215K 4m0s
  7650K .......... .......... .......... .......... .......... 17%  216K 4m0s
  7700K .......... .......... .......... .......... .......... 17%  185K 3m59s
  7750K .......... .......... .......... .......... .......... 17%  229K 3m58s
  7800K .......... .......... .......... .......... .......... 17%  220K 3m57s
  7850K .......... .......... .......... .......... .......... 17%  218K 3m57s
  7900K .......... .......... .......... .......... .......... 17%  216K 3m56s
  7950K .......... .......... .......... .......... .......... 18%  158K 3m56s
  8000K .......... .......... .......... .......... .......... 18%  199K 3m55s
  8050K .......... .......... .......... .......... .......... 18%  193K 3m54s
  8100K .......... .......... .......... .......... .......... 18%  203K 3m54s
  8150K .......... .......... .......... .......... .......... 18%  180K 3m53s
  8200K .......... .......... .......... .......... .......... 18%  221K 3m52s
  8250K .......... .......... .......... .......... .......... 18%  217K 3m52s
  8300K .......... .......... .......... .......... .......... 18%  207K 3m51s
  8350K .......... .......... .......... .......... .......... 18%  150K 3m51s
  8400K .......... .......... .......... .......... .......... 19%  194K 3m50s
  8450K .......... .......... .......... .......... .......... 19%  192K 3m50s
  8500K .......... .......... .......... .......... .......... 19%  201K 3m49s
  8550K .......... .......... .......... .......... .......... 19%  187K 3m48s
  8600K .......... .......... .......... .......... .......... 19%  202K 3m48s
  8650K .......... .......... .......... .......... .......... 19%  157K 3m47s
  8700K .......... .......... .......... .......... .......... 19%  245K 3m47s
  8750K .......... .......... .......... .......... .......... 19%  128K 3m47s
  8800K .......... .......... .......... .......... .......... 19%  140K 3m47s
  8850K .......... .......... .......... .......... .......... 20%  175K 3m46s
  8900K .......... .......... .......... .......... .......... 20%  278K 3m45s
  8950K .......... .......... .......... .......... .......... 20%  198K 3m45s
  9000K .......... .......... .......... .......... .......... 20%  206K 3m44s
  9050K .......... .......... .......... .......... .......... 20%  197K 3m43s
  9100K .......... .......... .......... .......... .......... 20%  220K 3m43s
  9150K .......... .......... .......... .......... .......... 20%  155K 3m43s
  9200K .......... .......... .......... .......... .......... 20%  226K 3m42s
  9250K .......... .......... .......... .......... .......... 20%  198K 3m41s
  9300K .......... .......... .......... .......... .......... 21%  190K 3m41s
  9350K .......... .......... .......... .......... .......... 21%  194K 3m40s
  9400K .......... .......... .......... .......... .......... 21%  182K 3m40s
  9450K .......... .......... .......... .......... .......... 21%  304K 3m39s
  9500K .......... .......... .......... .......... .......... 21%  219K 3m38s
  9550K .